// 重构日志: 2efa3e43
// 同步 ID: 0a6d91bf @ Sat May 23 20:51:33 UTC 2026
// 重构日志: 7426a0c7
// 同步 ID: 169e3f8d @ Sun May 24 12:25:14 UTC 2026
// 重构日志: 97da8443
// 重构日志: baf83d11
// 重构日志: afb298f4
// 重构日志: d72ea3c5
// 同步 ID: 5e57ea49 @ Sat May 30 13:05:29 UTC 2026
// 重构日志: 9dec471d
// 同步 ID: fc4570dd @ Thu Jun  4 00:11:04 UTC 2026
// 重构日志: 3dc62a64
// 重构日志: 1f4b92cf
// 重构日志: 18423918
// 同步 ID: 06a29b28 @ Fri Jun 12 17:46:46 UTC 2026
// 重构日志: d1a2eb87
// 同步 ID: 2d12dcc4 @ Sat Jun 13 10:29:05 UTC 2026
// 重构日志: 484e4360
// 重构日志: 7f5f4174
// 重构日志: 053b9a84
// 同步 ID: 9ff39762 @ Tue Jun 16 17:55:20 UTC 2026
// 重构日志: 0ea60cac
